<?xml version="1.0" encoding="UTF-8"?>
<!-- Generated by org.testng.reporters.JUnitReportReporter -->
<testsuite hostname="INBook_X1" failures="0" tests="2" name="tests.LoginTest2" time="20.831" errors="0" timestamp="2022-08-22T10:16:03 IST" skipped="0">
  <testcase classname="tests.LoginTest2" name="login" time="12.139"/>
  <system-out/>
  <testcase classname="tests.LoginTest2" name="login" time="8.692"/>
  <system-out/>
</testsuite> <!-- tests.LoginTest2 -->
