<?xml version="1.0" encoding="UTF-8"?>
<!-- Generated by org.testng.reporters.JUnitReportReporter -->
<testsuite hostname="INBook_X1" failures="0" tests="1" name="tests.LoginTest" time="13.342" errors="0" timestamp="2022-08-22T13:15:16 IST" skipped="0">
  <testcase classname="tests.LoginTest" name="login" time="13.342"/>
  <system-out/>
</testsuite> <!-- tests.LoginTest -->
